   
Running on node:  vmp128
   
   
   
Running gcc_loop...
 
count: 200000000 result: -39.7474

real	0m30.176s
user	0m30.123s
sys	0m0.001s
 
Running gcc_loop_O3...
 
count: 200000000 result: -39.7474

real	0m28.964s
user	0m28.945s
sys	0m0.001s
 
Running gcc_powern...
 
sum = 4e+38

real	0m2.049s
user	0m2.023s
sys	0m0.002s
 
Running gcc_powern_O3...
 
sum = 4e+38

real	0m2.026s
user	0m2.010s
sys	0m0.000s
 
Running intel_loop...
 
count: 200000000 result: -39.7474

real	0m8.430s
user	0m8.415s
sys	0m0.000s
 
Running intel_loop_O3...
 
count: 200000000 result: -39.7474

real	0m8.435s
user	0m8.417s
sys	0m0.002s
 
Running intel_powern...
 
sum = 4e+38

real	0m0.490s
user	0m0.476s
sys	0m0.001s
 
Running intel_powern_O3...
 
sum = 4e+38

real	0m0.511s
user	0m0.477s
sys	0m0.000s
 
